Electric Version 8.06
--------------- 0 --------------
  Fri Nov 08 14:55:58 EST 2013
Menu Activated: File | Open Library...
--------------- 1 --------------
  Fri Nov 08 14:56:03 EST 2013
ProcessKeyBinding 402 when=1383940563925 modifiers=0 code=a char=a false false
--------------- 2 --------------
  Fri Nov 08 14:56:21 EST 2013
ProcessKeyBinding 401 when=1383940581545 modifiers=40 code=10 char=ffff false false
--------------- 3 --------------
  Fri Nov 08 14:56:21 EST 2013
ProcessKeyBinding 401 when=1383940581760 modifiers=40 code=2e char=3e(>) false false
--------------- 4 --------------
  Fri Nov 08 14:56:21 EST 2013
Menu Activated: Edit | Selection | Show Next Error
--------------- 5 --------------
  Fri Nov 08 14:56:22 EST 2013
ProcessKeyBinding 400 when=1383940581760 modifiers=40 code=0 char=3e(>) false false
--------------- 6 --------------
  Fri Nov 08 14:56:22 EST 2013
ProcessKeyBinding 402 when=1383940581873 modifiers=40 code=2e char=3e(>) false false
--------------- 7 --------------
  Fri Nov 08 14:56:22 EST 2013
ProcessKeyBinding 401 when=1383940582443 modifiers=40 code=2c char=3c(<) false false
--------------- 8 --------------
  Fri Nov 08 14:56:22 EST 2013
Menu Activated: Edit | Selection | Show Previous Error
Currently highlighted: 
    com.sun.electric.tool.user.HighlightEOBJ in cell 'CRC:flopenr_1x_16{sch}': , schematic:Bus_Pin['q[15:0]']
    com.sun.electric.tool.user.HighlightLine in cell 'CRC:flopenr_1x_16{sch}': 
    com.sun.electric.tool.user.HighlightLine in cell 'CRC:flopenr_1x_16{sch}': 
    com.sun.electric.tool.user.HighlightLine in cell 'CRC:flopenr_1x_16{sch}': 
    com.sun.electric.tool.user.HighlightLine in cell 'CRC:flopenr_1x_16{sch}': 
--------------- 9 --------------
  Fri Nov 08 14:56:23 EST 2013
ProcessKeyBinding 400 when=1383940582443 modifiers=40 code=0 char=3c(<) false false
--------------- 10 --------------
  Fri Nov 08 14:56:23 EST 2013
ProcessKeyBinding 402 when=1383940582580 modifiers=40 code=2c char=3c(<) false false
--------------- 11 --------------
  Fri Nov 08 14:56:23 EST 2013
ProcessKeyBinding 401 when=1383940583624 modifiers=40 code=2c char=3c(<) false false
--------------- 12 --------------
  Fri Nov 08 14:56:23 EST 2013
Menu Activated: Edit | Selection | Show Previous Error
Currently highlighted: 
    Text: Export 'a13[0:4]'
    com.sun.electric.tool.user.HighlightEOBJ in cell 'CRC:CRC_stage_output{sch}': , bus['a13[0:14]']
    com.sun.electric.tool.user.HighlightLine in cell 'CRC:CRC_stage_output{sch}': 
    com.sun.electric.tool.user.HighlightLine in cell 'CRC:CRC_stage_output{sch}': 
    com.sun.electric.tool.user.HighlightLine in cell 'CRC:CRC_stage_output{sch}': 
    com.sun.electric.tool.user.HighlightLine in cell 'CRC:CRC_stage_output{sch}': 
--------------- 13 --------------
  Fri Nov 08 14:56:24 EST 2013
ProcessKeyBinding 400 when=1383940583640 modifiers=40 code=0 char=3c(<) false false
--------------- 14 --------------
  Fri Nov 08 14:56:24 EST 2013
ProcessKeyBinding 402 when=1383940583740 modifiers=40 code=2c char=3c(<) false false
--------------- 15 --------------
  Fri Nov 08 14:56:24 EST 2013
ProcessKeyBinding 401 when=1383940584304 modifiers=40 code=2c char=3c(<) false false
--------------- 16 --------------
  Fri Nov 08 14:56:24 EST 2013
Menu Activated: Edit | Selection | Show Previous Error
Currently highlighted: 
    com.sun.electric.tool.user.HighlightEOBJ in cell 'kaushik:fifo_piece1{sch}': , Bus_Pin['q[15:0]']
    com.sun.electric.tool.user.HighlightLine in cell 'kaushik:fifo_piece1{sch}': 
    com.sun.electric.tool.user.HighlightLine in cell 'kaushik:fifo_piece1{sch}': 
    com.sun.electric.tool.user.HighlightLine in cell 'kaushik:fifo_piece1{sch}': 
    com.sun.electric.tool.user.HighlightLine in cell 'kaushik:fifo_piece1{sch}': 
--------------- 17 --------------
  Fri Nov 08 14:56:24 EST 2013
ProcessKeyBinding 400 when=1383940584305 modifiers=40 code=0 char=3c(<) false false
--------------- 18 --------------
  Fri Nov 08 14:56:24 EST 2013
ProcessKeyBinding 402 when=1383940584399 modifiers=40 code=2c char=3c(<) false false
--------------- 19 --------------
  Fri Nov 08 14:56:24 EST 2013
ProcessKeyBinding 401 when=1383940584816 modifiers=40 code=2c char=3c(<) false false
--------------- 20 --------------
  Fri Nov 08 14:56:24 EST 2013
Menu Activated: Edit | Selection | Show Previous Error
Currently highlighted: 
    com.sun.electric.tool.user.HighlightEOBJ in cell 'kaushik:fifo_piece1{sch}': , Bus_Pin['d[15:0]']
    com.sun.electric.tool.user.HighlightLine in cell 'kaushik:fifo_piece1{sch}': 
    com.sun.electric.tool.user.HighlightLine in cell 'kaushik:fifo_piece1{sch}': 
    com.sun.electric.tool.user.HighlightLine in cell 'kaushik:fifo_piece1{sch}': 
    com.sun.electric.tool.user.HighlightLine in cell 'kaushik:fifo_piece1{sch}': 
--------------- 21 --------------
  Fri Nov 08 14:56:25 EST 2013
ProcessKeyBinding 400 when=1383940584816 modifiers=40 code=0 char=3c(<) false false
--------------- 22 --------------
  Fri Nov 08 14:56:25 EST 2013
ProcessKeyBinding 402 when=1383940584928 modifiers=40 code=2c char=3c(<) false false
--------------- 23 --------------
  Fri Nov 08 14:56:25 EST 2013
ProcessKeyBinding 401 when=1383940585322 modifiers=40 code=2c char=3c(<) false false
--------------- 24 --------------
  Fri Nov 08 14:56:25 EST 2013
Menu Activated: Edit | Selection | Show Previous Error
Currently highlighted: 
    Text: Export 'a13[0:4]'
    com.sun.electric.tool.user.HighlightEOBJ in cell 'kaushik:CRC_stage_output{sch}': , bus['a13[0:14]']
    com.sun.electric.tool.user.HighlightLine in cell 'kaushik:CRC_stage_output{sch}': 
    com.sun.electric.tool.user.HighlightLine in cell 'kaushik:CRC_stage_output{sch}': 
    com.sun.electric.tool.user.HighlightLine in cell 'kaushik:CRC_stage_output{sch}': 
    com.sun.electric.tool.user.HighlightLine in cell 'kaushik:CRC_stage_output{sch}': 
--------------- 25 --------------
  Fri Nov 08 14:56:26 EST 2013
ProcessKeyBinding 400 when=1383940585322 modifiers=40 code=0 char=3c(<) false false
--------------- 26 --------------
  Fri Nov 08 14:56:26 EST 2013
ProcessKeyBinding 402 when=1383940585422 modifiers=40 code=2c char=3c(<) false false
--------------- 27 --------------
  Fri Nov 08 14:56:26 EST 2013
ProcessKeyBinding 401 when=1383940585833 modifiers=40 code=2c char=3c(<) false false
--------------- 28 --------------
  Fri Nov 08 14:56:26 EST 2013
Menu Activated: Edit | Selection | Show Previous Error
Currently highlighted: 
    com.sun.electric.tool.user.HighlightEOBJ in cell 'kaushik:flopenr_1x_16{sch}': , schematic:Bus_Pin['q[15:0]']
    com.sun.electric.tool.user.HighlightLine in cell 'kaushik:flopenr_1x_16{sch}': 
    com.sun.electric.tool.user.HighlightLine in cell 'kaushik:flopenr_1x_16{sch}': 
    com.sun.electric.tool.user.HighlightLine in cell 'kaushik:flopenr_1x_16{sch}': 
    com.sun.electric.tool.user.HighlightLine in cell 'kaushik:flopenr_1x_16{sch}': 
--------------- 29 --------------
  Fri Nov 08 14:56:26 EST 2013
ProcessKeyBinding 400 when=1383940585833 modifiers=40 code=0 char=3c(<) false false
--------------- 30 --------------
  Fri Nov 08 14:56:26 EST 2013
ProcessKeyBinding 402 when=1383940585934 modifiers=40 code=2c char=3c(<) false false
--------------- 31 --------------
  Fri Nov 08 14:56:27 EST 2013
ProcessKeyBinding 401 when=1383940587360 modifiers=40 code=2c char=3c(<) false false
--------------- 32 --------------
  Fri Nov 08 14:56:27 EST 2013
Menu Activated: Edit | Selection | Show Previous Error
Currently highlighted: 
    com.sun.electric.tool.user.HighlightEOBJ in cell 'kaushik:flopenr_1x_16{sch}': , schematic:Bus_Pin['d[15:0]']
--------------- 33 --------------
  Fri Nov 08 14:56:27 EST 2013
ProcessKeyBinding 400 when=1383940587360 modifiers=40 code=0 char=3c(<) false false
--------------- 34 --------------
  Fri Nov 08 14:56:27 EST 2013
ProcessKeyBinding 402 when=1383940587449 modifiers=40 code=2c char=3c(<) false false
--------------- 35 --------------
  Fri Nov 08 14:56:28 EST 2013
ProcessKeyBinding 401 when=1383940588090 modifiers=40 code=2c char=3c(<) false false
--------------- 36 --------------
  Fri Nov 08 14:56:28 EST 2013
Menu Activated: Edit | Selection | Show Previous Error
Currently highlighted: 
    com.sun.electric.tool.user.HighlightEOBJ in cell 'CRC:fifo_piece1{sch}': , Bus_Pin['q[15:0]']
    com.sun.electric.tool.user.HighlightLine in cell 'CRC:fifo_piece1{sch}': 
    com.sun.electric.tool.user.HighlightLine in cell 'CRC:fifo_piece1{sch}': 
    com.sun.electric.tool.user.HighlightLine in cell 'CRC:fifo_piece1{sch}': 
    com.sun.electric.tool.user.HighlightLine in cell 'CRC:fifo_piece1{sch}': 
--------------- 37 --------------
  Fri Nov 08 14:56:28 EST 2013
ProcessKeyBinding 400 when=1383940588090 modifiers=40 code=0 char=3c(<) false false
--------------- 38 --------------
  Fri Nov 08 14:56:28 EST 2013
ProcessKeyBinding 402 when=1383940588198 modifiers=40 code=2c char=3c(<) false false
--------------- 39 --------------
  Fri Nov 08 14:56:28 EST 2013
ProcessKeyBinding 401 when=1383940588940 modifiers=40 code=2c char=3c(<) false false
--------------- 40 --------------
  Fri Nov 08 14:56:28 EST 2013
Menu Activated: Edit | Selection | Show Previous Error
Currently highlighted: 
    com.sun.electric.tool.user.HighlightEOBJ in cell 'CRC:fifo_piece1{sch}': , Bus_Pin['d[15:0]']
--------------- 41 --------------
  Fri Nov 08 14:56:28 EST 2013
ProcessKeyBinding 400 when=1383940588940 modifiers=40 code=0 char=3c(<) false false
--------------- 42 --------------
  Fri Nov 08 14:56:29 EST 2013
ProcessKeyBinding 402 when=1383940589030 modifiers=40 code=2c char=3c(<) false false
--------------- 43 --------------
  Fri Nov 08 14:56:29 EST 2013
ProcessKeyBinding 401 when=1383940589772 modifiers=40 code=2c char=3c(<) false false
--------------- 44 --------------
  Fri Nov 08 14:56:29 EST 2013
Menu Activated: Edit | Selection | Show Previous Error
Currently highlighted: 
    com.sun.electric.tool.user.HighlightEOBJ in cell 'CRC:fifo_piece1{sch}': , Bus_Pin['d[15:0]']
--------------- 45 --------------
  Fri Nov 08 14:56:29 EST 2013
ProcessKeyBinding 400 when=1383940589772 modifiers=40 code=0 char=3c(<) false false
--------------- 46 --------------
  Fri Nov 08 14:56:29 EST 2013
ProcessKeyBinding 402 when=1383940589888 modifiers=40 code=2c char=3c(<) false false
--------------- 47 --------------
  Fri Nov 08 14:56:30 EST 2013
ProcessKeyBinding 401 when=1383940590577 modifiers=40 code=2c char=3c(<) false false
--------------- 48 --------------
  Fri Nov 08 14:56:30 EST 2013
Menu Activated: Edit | Selection | Show Previous Error
Currently highlighted: 
    com.sun.electric.tool.user.HighlightEOBJ in cell 'CRC:fifo_piece1{sch}': , Bus_Pin['d[15:0]']
--------------- 49 --------------
  Fri Nov 08 14:56:30 EST 2013
ProcessKeyBinding 400 when=1383940590577 modifiers=40 code=0 char=3c(<) false false
--------------- 50 --------------
  Fri Nov 08 14:56:30 EST 2013
ProcessKeyBinding 402 when=1383940590703 modifiers=40 code=2c char=3c(<) false false
--------------- 51 --------------
  Fri Nov 08 14:56:31 EST 2013
ProcessKeyBinding 401 when=1383940591426 modifiers=40 code=2c char=3c(<) false false
--------------- 52 --------------
  Fri Nov 08 14:56:31 EST 2013
Menu Activated: Edit | Selection | Show Previous Error
Currently highlighted: 
    com.sun.electric.tool.user.HighlightEOBJ in cell 'CRC:fifo_piece1{sch}': , Bus_Pin['d[15:0]']
--------------- 53 --------------
  Fri Nov 08 14:56:31 EST 2013
ProcessKeyBinding 400 when=1383940591426 modifiers=40 code=0 char=3c(<) false false
--------------- 54 --------------
  Fri Nov 08 14:56:31 EST 2013
ProcessKeyBinding 402 when=1383940591558 modifiers=40 code=2c char=3c(<) false false
--------------- 55 --------------
  Fri Nov 08 14:56:31 EST 2013
ProcessKeyBinding 401 when=1383940591767 modifiers=40 code=2c char=3c(<) false false
--------------- 56 --------------
  Fri Nov 08 14:56:31 EST 2013
Menu Activated: Edit | Selection | Show Previous Error
Currently highlighted: 
    com.sun.electric.tool.user.HighlightEOBJ in cell 'CRC:fifo_piece1{sch}': , Bus_Pin['d[15:0]']
--------------- 57 --------------
  Fri Nov 08 14:56:31 EST 2013
ProcessKeyBinding 400 when=1383940591767 modifiers=40 code=0 char=3c(<) false false
--------------- 58 --------------
  Fri Nov 08 14:56:31 EST 2013
ProcessKeyBinding 402 when=1383940591826 modifiers=40 code=2c char=3c(<) false false
--------------- 59 --------------
  Fri Nov 08 14:56:31 EST 2013
ProcessKeyBinding 401 when=1383940591994 modifiers=40 code=2c char=3c(<) false false
--------------- 60 --------------
  Fri Nov 08 14:56:31 EST 2013
Menu Activated: Edit | Selection | Show Previous Error
Currently highlighted: 
    com.sun.electric.tool.user.HighlightEOBJ in cell 'CRC:fifo_piece1{sch}': , Bus_Pin['d[15:0]']
--------------- 61 --------------
  Fri Nov 08 14:56:31 EST 2013
ProcessKeyBinding 400 when=1383940591994 modifiers=40 code=0 char=3c(<) false false
--------------- 62 --------------
  Fri Nov 08 14:56:32 EST 2013
ProcessKeyBinding 402 when=1383940592083 modifiers=40 code=2c char=3c(<) false false
--------------- 63 --------------
  Fri Nov 08 14:56:32 EST 2013
ProcessKeyBinding 401 when=1383940592255 modifiers=40 code=2c char=3c(<) false false
--------------- 64 --------------
  Fri Nov 08 14:56:32 EST 2013
Menu Activated: Edit | Selection | Show Previous Error
Currently highlighted: 
    com.sun.electric.tool.user.HighlightEOBJ in cell 'CRC:fifo_piece1{sch}': , Bus_Pin['d[15:0]']
--------------- 65 --------------
  Fri Nov 08 14:56:32 EST 2013
ProcessKeyBinding 400 when=1383940592255 modifiers=40 code=0 char=3c(<) false false
--------------- 66 --------------
  Fri Nov 08 14:56:32 EST 2013
ProcessKeyBinding 402 when=1383940592375 modifiers=40 code=2c char=3c(<) false false
--------------- 67 --------------
  Fri Nov 08 14:56:32 EST 2013
ProcessKeyBinding 402 when=1383940592625 modifiers=0 code=10 char=ffff false false
--------------- 68 --------------
  Fri Nov 08 14:56:42 EST 2013
ProcessKeyBinding 401 when=1383940602792 modifiers=40 code=10 char=ffff false false
--------------- 69 --------------
  Fri Nov 08 14:56:42 EST 2013
ProcessKeyBinding 401 when=1383940602935 modifiers=40 code=2e char=3e(>) false false
--------------- 70 --------------
  Fri Nov 08 14:56:42 EST 2013
Menu Activated: Edit | Selection | Show Next Error
--------------- 71 --------------
  Fri Nov 08 14:56:42 EST 2013
ProcessKeyBinding 400 when=1383940602936 modifiers=40 code=0 char=3e(>) false false
--------------- 72 --------------
  Fri Nov 08 14:56:43 EST 2013
ProcessKeyBinding 402 when=1383940603019 modifiers=40 code=2e char=3e(>) false false
--------------- 73 --------------
  Fri Nov 08 14:56:43 EST 2013
ProcessKeyBinding 401 when=1383940603197 modifiers=40 code=2e char=3e(>) false false
--------------- 74 --------------
  Fri Nov 08 14:56:43 EST 2013
Menu Activated: Edit | Selection | Show Next Error
--------------- 75 --------------
  Fri Nov 08 14:56:43 EST 2013
ProcessKeyBinding 400 when=1383940603197 modifiers=40 code=0 char=3e(>) false false
--------------- 76 --------------
  Fri Nov 08 14:56:43 EST 2013
ProcessKeyBinding 402 when=1383940603285 modifiers=40 code=2e char=3e(>) false false
--------------- 77 --------------
  Fri Nov 08 14:56:43 EST 2013
ProcessKeyBinding 401 when=1383940603524 modifiers=40 code=2e char=3e(>) false false
--------------- 78 --------------
  Fri Nov 08 14:56:43 EST 2013
Menu Activated: Edit | Selection | Show Next Error
--------------- 79 --------------
  Fri Nov 08 14:56:43 EST 2013
ProcessKeyBinding 400 when=1383940603524 modifiers=40 code=0 char=3e(>) false false
--------------- 80 --------------
  Fri Nov 08 14:56:43 EST 2013
ProcessKeyBinding 402 when=1383940603639 modifiers=40 code=2e char=3e(>) false false
--------------- 81 --------------
  Fri Nov 08 14:56:43 EST 2013
ProcessKeyBinding 401 when=1383940603792 modifiers=40 code=2e char=3e(>) false false
--------------- 82 --------------
  Fri Nov 08 14:56:43 EST 2013
Menu Activated: Edit | Selection | Show Next Error
--------------- 83 --------------
  Fri Nov 08 14:56:43 EST 2013
ProcessKeyBinding 400 when=1383940603792 modifiers=40 code=0 char=3e(>) false false
--------------- 84 --------------
  Fri Nov 08 14:56:43 EST 2013
ProcessKeyBinding 402 when=1383940603901 modifiers=40 code=2e char=3e(>) false false
--------------- 85 --------------
  Fri Nov 08 14:56:44 EST 2013
ProcessKeyBinding 401 when=1383940604412 modifiers=40 code=2e char=3e(>) false false
--------------- 86 --------------
  Fri Nov 08 14:56:44 EST 2013
Menu Activated: Edit | Selection | Show Next Error
--------------- 87 --------------
  Fri Nov 08 14:56:44 EST 2013
ProcessKeyBinding 400 when=1383940604413 modifiers=40 code=0 char=3e(>) false false
--------------- 88 --------------
  Fri Nov 08 14:56:44 EST 2013
ProcessKeyBinding 402 when=1383940604520 modifiers=40 code=2e char=3e(>) false false
--------------- 89 --------------
  Fri Nov 08 14:56:45 EST 2013
ProcessKeyBinding 401 when=1383940605073 modifiers=40 code=2e char=3e(>) false false
--------------- 90 --------------
  Fri Nov 08 14:56:45 EST 2013
Menu Activated: Edit | Selection | Show Next Error
--------------- 91 --------------
  Fri Nov 08 14:56:45 EST 2013
ProcessKeyBinding 400 when=1383940605073 modifiers=40 code=0 char=3e(>) false false
--------------- 92 --------------
  Fri Nov 08 14:56:45 EST 2013
ProcessKeyBinding 402 when=1383940605198 modifiers=40 code=2e char=3e(>) false false
--------------- 93 --------------
  Fri Nov 08 14:56:45 EST 2013
ProcessKeyBinding 401 when=1383940605868 modifiers=40 code=2e char=3e(>) false false
--------------- 94 --------------
  Fri Nov 08 14:56:45 EST 2013
Menu Activated: Edit | Selection | Show Next Error
--------------- 95 --------------
  Fri Nov 08 14:56:45 EST 2013
ProcessKeyBinding 400 when=1383940605868 modifiers=40 code=0 char=3e(>) false false
--------------- 96 --------------
  Fri Nov 08 14:56:45 EST 2013
ProcessKeyBinding 402 when=1383940605964 modifiers=40 code=2e char=3e(>) false false
--------------- 97 --------------
  Fri Nov 08 14:56:46 EST 2013
ProcessKeyBinding 401 when=1383940606309 modifiers=40 code=2e char=3e(>) false false
--------------- 98 --------------
  Fri Nov 08 14:56:46 EST 2013
Menu Activated: Edit | Selection | Show Next Error
Currently highlighted: 
    com.sun.electric.tool.user.HighlightEOBJ in cell 'CRC:fifo_piece1{sch}': , Bus_Pin['d[15:0]']
    com.sun.electric.tool.user.HighlightLine in cell 'CRC:fifo_piece1{sch}': 
    com.sun.electric.tool.user.HighlightLine in cell 'CRC:fifo_piece1{sch}': 
    com.sun.electric.tool.user.HighlightLine in cell 'CRC:fifo_piece1{sch}': 
    com.sun.electric.tool.user.HighlightLine in cell 'CRC:fifo_piece1{sch}': 
--------------- 99 --------------
  Fri Nov 08 14:56:46 EST 2013
ProcessKeyBinding 400 when=1383940606309 modifiers=40 code=0 char=3e(>) false false
--------------- 100 --------------
  Fri Nov 08 14:56:46 EST 2013
ProcessKeyBinding 402 when=1383940606423 modifiers=40 code=2e char=3e(>) false false
--------------- 101 --------------
  Fri Nov 08 14:56:46 EST 2013
ProcessKeyBinding 401 when=1383940606621 modifiers=40 code=2e char=3e(>) false false
--------------- 102 --------------
  Fri Nov 08 14:56:46 EST 2013
Menu Activated: Edit | Selection | Show Next Error
Currently highlighted: 
    com.sun.electric.tool.user.HighlightEOBJ in cell 'CRC:fifo_piece1{sch}': , Bus_Pin['q[15:0]']
    com.sun.electric.tool.user.HighlightLine in cell 'CRC:fifo_piece1{sch}': 
    com.sun.electric.tool.user.HighlightLine in cell 'CRC:fifo_piece1{sch}': 
    com.sun.electric.tool.user.HighlightLine in cell 'CRC:fifo_piece1{sch}': 
    com.sun.electric.tool.user.HighlightLine in cell 'CRC:fifo_piece1{sch}': 
--------------- 103 --------------
  Fri Nov 08 14:56:46 EST 2013
ProcessKeyBinding 400 when=1383940606621 modifiers=40 code=0 char=3e(>) false false
--------------- 104 --------------
  Fri Nov 08 14:56:46 EST 2013
ProcessKeyBinding 402 when=1383940606740 modifiers=40 code=2e char=3e(>) false false
--------------- 105 --------------
  Fri Nov 08 14:56:46 EST 2013
ProcessKeyBinding 401 when=1383940606931 modifiers=40 code=2e char=3e(>) false false
--------------- 106 --------------
  Fri Nov 08 14:56:46 EST 2013
Menu Activated: Edit | Selection | Show Next Error
Currently highlighted: 
    com.sun.electric.tool.user.HighlightEOBJ in cell 'CRC:fifo_piece1{sch}': , Bus_Pin['q[15:0]']
--------------- 107 --------------
  Fri Nov 08 14:56:46 EST 2013
ProcessKeyBinding 400 when=1383940606931 modifiers=40 code=0 char=3e(>) false false
--------------- 108 --------------
  Fri Nov 08 14:56:47 EST 2013
ProcessKeyBinding 402 when=1383940607062 modifiers=40 code=2e char=3e(>) false false
--------------- 109 --------------
  Fri Nov 08 14:56:47 EST 2013
ProcessKeyBinding 401 when=1383940607241 modifiers=40 code=2e char=3e(>) false false
--------------- 110 --------------
  Fri Nov 08 14:56:47 EST 2013
Menu Activated: Edit | Selection | Show Next Error
Currently highlighted: 
    com.sun.electric.tool.user.HighlightEOBJ in cell 'CRC:fifo_piece1{sch}': , Bus_Pin['q[15:0]']
--------------- 111 --------------
  Fri Nov 08 14:56:47 EST 2013
ProcessKeyBinding 400 when=1383940607242 modifiers=40 code=0 char=3e(>) false false
--------------- 112 --------------
  Fri Nov 08 14:56:47 EST 2013
ProcessKeyBinding 402 when=1383940607397 modifiers=40 code=2e char=3e(>) false false
--------------- 113 --------------
  Fri Nov 08 14:56:47 EST 2013
ProcessKeyBinding 401 when=1383940607562 modifiers=40 code=2e char=3e(>) false false
--------------- 114 --------------
  Fri Nov 08 14:56:47 EST 2013
Menu Activated: Edit | Selection | Show Next Error
Currently highlighted: 
    com.sun.electric.tool.user.HighlightEOBJ in cell 'CRC:fifo_piece1{sch}': , Bus_Pin['q[15:0]']
--------------- 115 --------------
  Fri Nov 08 14:56:47 EST 2013
ProcessKeyBinding 400 when=1383940607562 modifiers=40 code=0 char=3e(>) false false
--------------- 116 --------------
  Fri Nov 08 14:56:47 EST 2013
ProcessKeyBinding 402 when=1383940607688 modifiers=40 code=2e char=3e(>) false false
--------------- 117 --------------
  Fri Nov 08 14:56:47 EST 2013
ProcessKeyBinding 401 when=1383940607843 modifiers=40 code=2e char=3e(>) false false
--------------- 118 --------------
  Fri Nov 08 14:56:47 EST 2013
Menu Activated: Edit | Selection | Show Next Error
Currently highlighted: 
    com.sun.electric.tool.user.HighlightEOBJ in cell 'CRC:fifo_piece1{sch}': , Bus_Pin['q[15:0]']
--------------- 119 --------------
  Fri Nov 08 14:56:47 EST 2013
ProcessKeyBinding 400 when=1383940607843 modifiers=40 code=0 char=3e(>) false false
--------------- 120 --------------
  Fri Nov 08 14:56:47 EST 2013
ProcessKeyBinding 402 when=1383940607951 modifiers=40 code=2e char=3e(>) false false
--------------- 121 --------------
  Fri Nov 08 14:56:48 EST 2013
ProcessKeyBinding 401 when=1383940608087 modifiers=40 code=2e char=3e(>) false false
--------------- 122 --------------
  Fri Nov 08 14:56:48 EST 2013
Menu Activated: Edit | Selection | Show Next Error
Currently highlighted: 
    com.sun.electric.tool.user.HighlightEOBJ in cell 'CRC:fifo_piece1{sch}': , Bus_Pin['q[15:0]']
--------------- 123 --------------
  Fri Nov 08 14:56:48 EST 2013
ProcessKeyBinding 400 when=1383940608072 modifiers=40 code=0 char=3e(>) false false
--------------- 124 --------------
  Fri Nov 08 14:56:48 EST 2013
ProcessKeyBinding 402 when=1383940608190 modifiers=40 code=2e char=3e(>) false false
--------------- 125 --------------
  Fri Nov 08 14:56:48 EST 2013
ProcessKeyBinding 401 when=1383940608333 modifiers=40 code=2e char=3e(>) false false
--------------- 126 --------------
  Fri Nov 08 14:56:48 EST 2013
Menu Activated: Edit | Selection | Show Next Error
Currently highlighted: 
    com.sun.electric.tool.user.HighlightEOBJ in cell 'CRC:fifo_piece1{sch}': , Bus_Pin['q[15:0]']
--------------- 127 --------------
  Fri Nov 08 14:56:48 EST 2013
ProcessKeyBinding 400 when=1383940608333 modifiers=40 code=0 char=3e(>) false false
--------------- 128 --------------
  Fri Nov 08 14:56:48 EST 2013
ProcessKeyBinding 402 when=1383940608440 modifiers=40 code=2e char=3e(>) false false
--------------- 129 --------------
  Fri Nov 08 14:56:48 EST 2013
ProcessKeyBinding 401 when=1383940608590 modifiers=40 code=2e char=3e(>) false false
--------------- 130 --------------
  Fri Nov 08 14:56:48 EST 2013
Menu Activated: Edit | Selection | Show Next Error
Currently highlighted: 
    com.sun.electric.tool.user.HighlightEOBJ in cell 'CRC:fifo_piece1{sch}': , Bus_Pin['q[15:0]']
--------------- 131 --------------
  Fri Nov 08 14:56:48 EST 2013
ProcessKeyBinding 400 when=1383940608606 modifiers=40 code=0 char=3e(>) false false
--------------- 132 --------------
  Fri Nov 08 14:56:48 EST 2013
ProcessKeyBinding 402 when=1383940608727 modifiers=40 code=2e char=3e(>) false false
--------------- 133 --------------
  Fri Nov 08 14:56:48 EST 2013
ProcessKeyBinding 401 when=1383940608837 modifiers=40 code=2e char=3e(>) false false
--------------- 134 --------------
  Fri Nov 08 14:56:48 EST 2013
Menu Activated: Edit | Selection | Show Next Error
Currently highlighted: 
    com.sun.electric.tool.user.HighlightEOBJ in cell 'CRC:fifo_piece1{sch}': , Bus_Pin['d[15:0]']
    com.sun.electric.tool.user.HighlightLine in cell 'CRC:fifo_piece1{sch}': 
    com.sun.electric.tool.user.HighlightLine in cell 'CRC:fifo_piece1{sch}': 
    com.sun.electric.tool.user.HighlightLine in cell 'CRC:fifo_piece1{sch}': 
    com.sun.electric.tool.user.HighlightLine in cell 'CRC:fifo_piece1{sch}': 
--------------- 135 --------------
  Fri Nov 08 14:56:48 EST 2013
ProcessKeyBinding 400 when=1383940608852 modifiers=40 code=0 char=3e(>) false false
--------------- 136 --------------
  Fri Nov 08 14:56:48 EST 2013
ProcessKeyBinding 402 when=1383940608941 modifiers=40 code=2e char=3e(>) false false
--------------- 137 --------------
  Fri Nov 08 14:56:49 EST 2013
ProcessKeyBinding 401 when=1383940609096 modifiers=40 code=2e char=3e(>) false false
--------------- 138 --------------
  Fri Nov 08 14:56:49 EST 2013
Menu Activated: Edit | Selection | Show Next Error
Currently highlighted: 
    com.sun.electric.tool.user.HighlightEOBJ in cell 'CRC:fifo_piece1{sch}': , Bus_Pin['q[15:0]']
    com.sun.electric.tool.user.HighlightLine in cell 'CRC:fifo_piece1{sch}': 
    com.sun.electric.tool.user.HighlightLine in cell 'CRC:fifo_piece1{sch}': 
    com.sun.electric.tool.user.HighlightLine in cell 'CRC:fifo_piece1{sch}': 
    com.sun.electric.tool.user.HighlightLine in cell 'CRC:fifo_piece1{sch}': 
--------------- 139 --------------
  Fri Nov 08 14:56:49 EST 2013
ProcessKeyBinding 400 when=1383940609096 modifiers=40 code=0 char=3e(>) false false
--------------- 140 --------------
  Fri Nov 08 14:56:49 EST 2013
ProcessKeyBinding 402 when=1383940609192 modifiers=40 code=2e char=3e(>) false false
--------------- 141 --------------
  Fri Nov 08 14:56:49 EST 2013
ProcessKeyBinding 401 when=1383940609317 modifiers=40 code=2e char=3e(>) false false
--------------- 142 --------------
  Fri Nov 08 14:56:49 EST 2013
Menu Activated: Edit | Selection | Show Next Error
Currently highlighted: 
    com.sun.electric.tool.user.HighlightEOBJ in cell 'CRC:fifo_piece1{sch}': , Bus_Pin['q[15:0]']
    com.sun.electric.tool.user.HighlightLine in cell 'CRC:fifo_piece1{sch}': 
    com.sun.electric.tool.user.HighlightLine in cell 'CRC:fifo_piece1{sch}': 
    com.sun.electric.tool.user.HighlightLine in cell 'CRC:fifo_piece1{sch}': 
    com.sun.electric.tool.user.HighlightLine in cell 'CRC:fifo_piece1{sch}': 
--------------- 143 --------------
  Fri Nov 08 14:56:49 EST 2013
ProcessKeyBinding 400 when=1383940609318 modifiers=40 code=0 char=3e(>) false false
--------------- 144 --------------
  Fri Nov 08 14:56:49 EST 2013
ProcessKeyBinding 402 when=1383940609396 modifiers=40 code=2e char=3e(>) false false
--------------- 145 --------------
  Fri Nov 08 14:56:49 EST 2013
ProcessKeyBinding 401 when=1383940609520 modifiers=40 code=2e char=3e(>) false false
--------------- 146 --------------
  Fri Nov 08 14:56:49 EST 2013
Menu Activated: Edit | Selection | Show Next Error
Currently highlighted: 
    com.sun.electric.tool.user.HighlightEOBJ in cell 'CRC:fifo_piece1{sch}': , Bus_Pin['q[15:0]']
--------------- 147 --------------
  Fri Nov 08 14:56:49 EST 2013
ProcessKeyBinding 400 when=1383940609520 modifiers=40 code=0 char=3e(>) false false
--------------- 148 --------------
  Fri Nov 08 14:56:49 EST 2013
ProcessKeyBinding 402 when=1383940609580 modifiers=40 code=2e char=3e(>) false false
--------------- 149 --------------
  Fri Nov 08 14:56:49 EST 2013
ProcessKeyBinding 401 when=1383940609669 modifiers=40 code=2e char=3e(>) false false
--------------- 150 --------------
  Fri Nov 08 14:56:49 EST 2013
Menu Activated: Edit | Selection | Show Next Error
Currently highlighted: 
    com.sun.electric.tool.user.HighlightEOBJ in cell 'CRC:fifo_piece1{sch}': , Bus_Pin['q[15:0]']
--------------- 151 --------------
  Fri Nov 08 14:56:49 EST 2013
ProcessKeyBinding 400 when=1383940609669 modifiers=40 code=0 char=3e(>) false false
--------------- 152 --------------
  Fri Nov 08 14:56:49 EST 2013
ProcessKeyBinding 402 when=1383940609777 modifiers=40 code=2e char=3e(>) false false
--------------- 153 --------------
  Fri Nov 08 14:56:49 EST 2013
ProcessKeyBinding 401 when=1383940609881 modifiers=40 code=2e char=3e(>) false false
--------------- 154 --------------
  Fri Nov 08 14:56:49 EST 2013
Menu Activated: Edit | Selection | Show Next Error
Currently highlighted: 
    com.sun.electric.tool.user.HighlightEOBJ in cell 'CRC:fifo_piece1{sch}': , Bus_Pin['q[15:0]']
--------------- 155 --------------
  Fri Nov 08 14:56:49 EST 2013
ProcessKeyBinding 400 when=1383940609897 modifiers=40 code=0 char=3e(>) false false
--------------- 156 --------------
  Fri Nov 08 14:56:50 EST 2013
ProcessKeyBinding 402 when=1383940609951 modifiers=40 code=2e char=3e(>) false false
--------------- 157 --------------
  Fri Nov 08 14:56:50 EST 2013
ProcessKeyBinding 401 when=1383940610058 modifiers=40 code=2e char=3e(>) false false
--------------- 158 --------------
  Fri Nov 08 14:56:50 EST 2013
Menu Activated: Edit | Selection | Show Next Error
Currently highlighted: 
    com.sun.electric.tool.user.HighlightEOBJ in cell 'CRC:fifo_piece1{sch}': , Bus_Pin['q[15:0]']
--------------- 159 --------------
  Fri Nov 08 14:56:50 EST 2013
ProcessKeyBinding 400 when=1383940610058 modifiers=40 code=0 char=3e(>) false false
--------------- 160 --------------
  Fri Nov 08 14:56:50 EST 2013
ProcessKeyBinding 402 when=1383940610154 modifiers=40 code=2e char=3e(>) false false
--------------- 161 --------------
  Fri Nov 08 14:56:50 EST 2013
ProcessKeyBinding 401 when=1383940610207 modifiers=40 code=2e char=3e(>) false false
--------------- 162 --------------
  Fri Nov 08 14:56:50 EST 2013
Menu Activated: Edit | Selection | Show Next Error
Currently highlighted: 
    com.sun.electric.tool.user.HighlightEOBJ in cell 'CRC:fifo_piece1{sch}': , Bus_Pin['q[15:0]']
--------------- 163 --------------
  Fri Nov 08 14:56:50 EST 2013
ProcessKeyBinding 400 when=1383940610207 modifiers=40 code=0 char=3e(>) false false
--------------- 164 --------------
  Fri Nov 08 14:56:50 EST 2013
ProcessKeyBinding 402 when=1383940610321 modifiers=40 code=2e char=3e(>) false false
--------------- 165 --------------
  Fri Nov 08 14:56:50 EST 2013
ProcessKeyBinding 401 when=1383940610435 modifiers=40 code=2e char=3e(>) false false
--------------- 166 --------------
  Fri Nov 08 14:56:50 EST 2013
Menu Activated: Edit | Selection | Show Next Error
Currently highlighted: 
    com.sun.electric.tool.user.HighlightEOBJ in cell 'CRC:fifo_piece1{sch}': , Bus_Pin['q[15:0]']
--------------- 167 --------------
  Fri Nov 08 14:56:50 EST 2013
ProcessKeyBinding 400 when=1383940610436 modifiers=40 code=0 char=3e(>) false false
--------------- 168 --------------
  Fri Nov 08 14:56:50 EST 2013
ProcessKeyBinding 402 when=1383940610536 modifiers=40 code=2e char=3e(>) false false
--------------- 169 --------------
  Fri Nov 08 14:56:51 EST 2013
ProcessKeyBinding 402 when=1383940611177 modifiers=0 code=10 char=ffff false false
--------------- 170 --------------
  Fri Nov 08 14:56:57 EST 2013
ProcessKeyBinding 401 when=1383940617294 modifiers=0 code=74 char=ffff false false
--------------- 171 --------------
  Fri Nov 08 14:56:57 EST 2013
Menu Activated: Tool | DRC | Check Hierarchically
--------------- 172 --------------
  Fri Nov 08 14:56:57 EST 2013
ProcessKeyBinding 402 when=1383940617412 modifiers=0 code=74 char=ffff false false
